<?xml version="1.0" encoding="UTF-8"?>
<!-- Generated by org.testng.reporters.JUnitReportReporter -->
<testsuite hostname="DESKTOP-CSUM0VT" failures="0" tests="1" name="testKart.FlipKartTestNg" time="72.714" errors="0" timestamp="2022-03-11T12:54:07 IST" skipped="0">
  <testcase classname="testKart.FlipKartTestNg" name="flipKartMainWindow" time="72.714"/>
  <system-out/>
</testsuite> <!-- testKart.FlipKartTestNg -->
